<?xml version="1.0" encoding="UTF-8"?>
<!-- Generated by org.testng.reporters.JUnitReportReporter -->
<testsuite hostname="MSI" failures="0" tests="4" name="SelePrograms.TestNG2" time="0.005" errors="0" timestamp="18 Feb 2025 03:41:09 GMT">
  <testcase classname="SelePrograms.TestNG2" name="a3" time="0.001"/>
  <testcase classname="SelePrograms.TestNG2" name="a1" time="0.001"/>
  <testcase classname="SelePrograms.TestNG2" name="ab" time="0.002"/>
  <testcase classname="SelePrograms.TestNG2" name="z" time="0.001"/>
</testsuite> <!-- SelePrograms.TestNG2 -->
