<?xml version="1.0" encoding="UTF-8"?>
<!-- Generated by org.testng.reporters.JUnitReportReporter -->
<testsuite hostname="MSI" failures="0" tests="3" name="SelePrograms.TestNG1" time="0.003" errors="0" timestamp="18 Feb 2025 03:41:09 GMT">
  <testcase classname="SelePrograms.TestNG1" name="A1" time="0.000"/>
  <testcase classname="SelePrograms.TestNG1" name="a2" time="0.002"/>
  <testcase classname="SelePrograms.TestNG1" name="a1" time="0.001"/>
</testsuite> <!-- SelePrograms.TestNG1 -->
