<?xml version="1.0" encoding="UTF-8"?>
<!-- Generated by org.testng.reporters.JUnitReportReporter -->
<testsuite hostname="MSI" failures="0" tests="1" name="SelePrograms.Assertion" time="2.463" errors="0" timestamp="18 Feb 2025 03:41:09 GMT">
  <testcase classname="SelePrograms.Assertion" name="testcase1" time="2.463"/>
</testsuite> <!-- SelePrograms.Assertion -->
