<?xml version="1.0" encoding="UTF-8"?>
<!-- Generated by org.testng.reporters.JUnitReportReporter -->
<testsuite hostname="MSI" failures="0" tests="1" name="com.facebook.tests.PageFactoryLoginTest" time="0.177" errors="0" timestamp="18 Feb 2025 03:41:09 GMT">
  <testcase classname="com.facebook.tests.PageFactoryLoginTest" name="loginTest" time="0.177"/>
</testsuite> <!-- com.facebook.tests.PageFactoryLoginTest -->
