<?xml version="1.0" encoding="UTF-8"?>
<!-- Generated by org.testng.reporters.JUnitReportReporter -->
<testsuite hostname="MSI" failures="0" tests="4" name="SelePrograms.TestNG3" time="0.013" errors="0" timestamp="18 Feb 2025 03:41:09 GMT">
  <testcase classname="SelePrograms.TestNG3" name="a" time="0.010"/>
  <testcase classname="SelePrograms.TestNG3" name="d" time="0.001"/>
  <testcase classname="SelePrograms.TestNG3" name="c" time="0.001"/>
  <testcase classname="SelePrograms.TestNG3" name="b" time="0.001"/>
</testsuite> <!-- SelePrograms.TestNG3 -->
