<?xml version="1.0" encoding="UTF-8"?>
<!-- Generated by org.testng.reporters.JUnitReportReporter -->
<testsuite hostname="MSI" failures="0" tests="1" name="com.facebook.tests.LoginTest" time="14.590" errors="0" timestamp="18 Feb 2025 03:57:37 GMT">
  <testcase classname="com.facebook.tests.LoginTest" name="loginTest" time="14.590"/>
</testsuite> <!-- com.facebook.tests.LoginTest -->
